<?xml version="1.0" encoding="UTF-8"?>
<!-- Generated by org.testng.reporters.JUnitReportReporter -->
<testsuite skipped="0" hostname="JKCS-ARUNI" name="com.Zhara.TC_MakeNormalreservationsinBulkNRC_141" tests="1" failures="0" timestamp="14 May 2018 04:05:52 GMT" time="56.304" errors="0">
  <testcase name="loginMethod" time="56.304" classname="com.Zhara.TC_MakeNormalreservationsinBulkNRC_141"/>
</testsuite> <!-- com.Zhara.TC_MakeNormalreservationsinBulkNRC_141 -->
