<?xml version="1.0" encoding="UTF-8"?>
<!-- Generated by org.testng.reporters.JUnitReportReporter -->
<testsuite skipped="0" hostname="JKCS-ARUNI" name="com.Zhara.TC_RoomingNormalreservationsinBulkNRC_142" tests="1" failures="0" timestamp="15 May 2018 05:28:51 GMT" time="50.526" errors="0">
  <testcase name="loginMethod" time="50.526" classname="com.Zhara.TC_RoomingNormalreservationsinBulkNRC_142"/>
</testsuite> <!-- com.Zhara.TC_RoomingNormalreservationsinBulkNRC_142 -->
