<?xml version="1.0" encoding="UTF-8"?>
<!-- Generated by org.testng.reporters.JUnitReportReporter -->
<testsuite skipped="0" hostname="JKCS-ARUNI" name="com.Zhara.TC_Create_Reservations" tests="1" failures="0" timestamp="15 May 2018 09:57:41 GMT" time="66.133" errors="0">
  <testcase name="loginMethod" time="66.133" classname="com.Zhara.TC_Create_Reservations"/>
</testsuite> <!-- com.Zhara.TC_Create_Reservations -->
