<?xml version="1.0" encoding="UTF-8"?>
<!-- Generated by org.testng.reporters.JUnitReportReporter -->
<testsuite skipped="0" hostname="JKCS-ARUNI" name="com.Zhara.TC_159RoomingNormalreservationsinBulkNRC_142" tests="1" failures="0" timestamp="16 May 2018 05:27:06 GMT" time="126.509" errors="0">
  <testcase name="loginMethod" time="126.509" classname="com.Zhara.TC_159RoomingNormalreservationsinBulkNRC_142"/>
</testsuite> <!-- com.Zhara.TC_159RoomingNormalreservationsinBulkNRC_142 -->
