<?xml version="1.0" encoding="UTF-8"?>
<!-- Generated by org.testng.reporters.JUnitReportReporter -->
<testsuite skipped="0" hostname="JKCS-ARUNI" name="com.Zhara.TC_CreateRateforNormalReservationsNRC" tests="1" failures="0" timestamp="14 May 2018 06:04:56 GMT" time="50.954" errors="0">
  <testcase name="loginMethod" time="50.954" classname="com.Zhara.TC_CreateRateforNormalReservationsNRC"/>
</testsuite> <!-- com.Zhara.TC_CreateRateforNormalReservationsNRC -->
