<?xml version="1.0" encoding="UTF-8"?>
<!-- Generated by org.testng.reporters.JUnitReportReporter -->
<testsuite skipped="0" hostname="JKCS-ARUNI" name="com.Zhara.TC_RoomallocationNormalReservationwithoneroomNRC189Ex208" tests="1" failures="0" timestamp="15 May 2018 10:11:48 GMT" time="63.533" errors="0">
  <testcase name="loginMethod" time="63.533" classname="com.Zhara.TC_RoomallocationNormalReservationwithoneroomNRC189Ex208"/>
</testsuite> <!-- com.Zhara.TC_RoomallocationNormalReservationwithoneroomNRC189Ex208 -->
