<?xml version="1.0" encoding="UTF-8"?>
<!-- Generated by org.testng.reporters.JUnitReportReporter -->
<testsuite skipped="0" hostname="JKCS-ARUNI" name="com.Zhara.TC_CheckInNormalReservationwithoneroomNRC91" tests="1" failures="0" timestamp="14 May 2018 11:16:09 GMT" time="57.076" errors="0">
  <testcase name="loginMethod" time="57.076" classname="com.Zhara.TC_CheckInNormalReservationwithoneroomNRC91"/>
</testsuite> <!-- com.Zhara.TC_CheckInNormalReservationwithoneroomNRC91 -->
