<?xml version="1.0" encoding="UTF-8"?>
<!-- Generated by org.testng.reporters.JUnitReportReporter -->
<testsuite skipped="0" hostname="JKCS-ARUNI" name="com.Zhara.TC_AddNormalextraPostingstoNormalReservationwithaRoomNRC192Ex211" tests="1" failures="0" timestamp="15 May 2018 11:05:22 GMT" time="47.298" errors="0">
  <testcase name="loginMethod" time="47.298" classname="com.Zhara.TC_AddNormalextraPostingstoNormalReservationwithaRoomNRC192Ex211"/>
</testsuite> <!-- com.Zhara.TC_AddNormalextraPostingstoNormalReservationwithaRoomNRC192Ex211 -->
