<?xml version="1.0" encoding="UTF-8"?>
<!-- Generated by org.testng.reporters.JUnitReportReporter -->
<testsuite skipped="0" hostname="JKCS-ARUNI" name="com.Zhara.TC_MakeDayUseReservationNRC188" tests="1" failures="0" timestamp="15 May 2018 04:52:03 GMT" time="62.653" errors="0">
  <testcase name="loginMethod" time="62.653" classname="com.Zhara.TC_MakeDayUseReservationNRC188"/>
</testsuite> <!-- com.Zhara.TC_MakeDayUseReservationNRC188 -->
