<?xml version="1.0" encoding="UTF-8"?>
<!-- Generated by org.testng.reporters.JUnitReportReporter -->
<testsuite skipped="0" hostname="JKCS-ARUNI" name="com.Zhara.TC_CancellationsOfRegistrationInBulk" tests="1" failures="0" timestamp="15 May 2018 09:55:38 GMT" time="42.533" errors="0">
  <testcase name="loginMethod" time="42.533" classname="com.Zhara.TC_CancellationsOfRegistrationInBulk"/>
</testsuite> <!-- com.Zhara.TC_CancellationsOfRegistrationInBulk -->
