<?xml version="1.0" encoding="UTF-8"?>
<!-- Generated by org.testng.reporters.JUnitReportReporter -->
<testsuite skipped="0" hostname="JKCS-ARUNI" name="com.Zhara.TC_FOMcheckbillsNormalReservationwithroomNRC180" tests="1" failures="0" timestamp="15 May 2018 08:23:19 GMT" time="15.257" errors="0">
  <testcase name="loginMethod" time="15.257" classname="com.Zhara.TC_FOMcheckbillsNormalReservationwithroomNRC180"/>
</testsuite> <!-- com.Zhara.TC_FOMcheckbillsNormalReservationwithroomNRC180 -->
