<?xml version="1.0" encoding="UTF-8"?>
<!-- Generated by org.testng.reporters.JUnitReportReporter -->
<testsuite skipped="0" hostname="JKCS-ARUNI" name="com.Zhara.TC_211AddNormalextraPostingstoNormalReservationwithaRoomNRC192" tests="1" failures="0" timestamp="16 May 2018 03:15:45 GMT" time="64.312" errors="0">
  <testcase name="loginMethod" time="64.312" classname="com.Zhara.TC_211AddNormalextraPostingstoNormalReservationwithaRoomNRC192"/>
</testsuite> <!-- com.Zhara.TC_211AddNormalextraPostingstoNormalReservationwithaRoomNRC192 -->
