<?xml version="1.0" encoding="UTF-8"?>
<!-- Generated by org.testng.reporters.JUnitReportReporter -->
<testsuite skipped="0" hostname="JKCS-ARUNI" name="com.Zhara.TC_210CheckInNormalReservationwithoneroomNRC91" tests="1" failures="0" timestamp="16 May 2018 04:05:07 GMT" time="62.345" errors="0">
  <testcase name="loginMethod" time="62.345" classname="com.Zhara.TC_210CheckInNormalReservationwithoneroomNRC91"/>
</testsuite> <!-- com.Zhara.TC_210CheckInNormalReservationwithoneroomNRC91 -->
