<?xml version="1.0" encoding="UTF-8"?>
<!-- Generated by org.testng.reporters.JUnitReportReporter -->
<testsuite skipped="0" hostname="JKCS-ARUNI" name="com.Zhara.TC_01Create_Reservations" tests="1" failures="0" timestamp="17 May 2018 11:21:32 GMT" time="50.026" errors="0">
  <testcase name="loginMethod" time="50.026" classname="com.Zhara.TC_01Create_Reservations"/>
</testsuite> <!-- com.Zhara.TC_01Create_Reservations -->
