<?xml version="1.0" encoding="UTF-8"?>
<!-- Generated by org.testng.reporters.JUnitReportReporter -->
<testsuite skipped="0" hostname="JKCS-ARUNI" name="com.Zhara.testExcel$setUp" tests="1" failures="0" timestamp="02 May 2018 11:21:18 GMT" time="7.233" errors="0">
  <testcase name="TestExcel" time="7.233" classname="com.Zhara.testExcel$setUp"/>
</testsuite> <!-- com.Zhara.testExcel$setUp -->
