<?xml version="1.0" encoding="UTF-8"?>
<!-- Generated by org.testng.reporters.JUnitReportReporter -->
<testsuite skipped="0" hostname="JKCS-ARUNI" name="com.Zhara.TC_Create_Reservations_2" tests="1" failures="0" timestamp="10 May 2018 04:03:48 GMT" time="54.156" errors="0">
  <testcase name="loginMethod" time="54.156" classname="com.Zhara.TC_Create_Reservations_2"/>
</testsuite> <!-- com.Zhara.TC_Create_Reservations_2 -->
