<?xml version="1.0" encoding="UTF-8"?>
<!-- Generated by org.testng.reporters.JUnitReportReporter -->
<testsuite skipped="0" hostname="JKCS-ARUNI" name="com.Zhara.TC_158MakeNormalreservationsinBulkNRC_141" tests="1" failures="0" timestamp="17 May 2018 10:51:20 GMT" time="64.217" errors="0">
  <testcase name="loginMethod" time="64.217" classname="com.Zhara.TC_158MakeNormalreservationsinBulkNRC_141"/>
</testsuite> <!-- com.Zhara.TC_158MakeNormalreservationsinBulkNRC_141 -->
